2025-07-16 13:58:49 - NP_Notebook - INFO - λ¨λ“  μ»¤λ„μ΄ μ •λ¦¬λμ—μµλ‹λ‹¤.
2025-07-16 13:58:56 - NP_Notebook - INFO - λ¨λ“  μ»¤λ„μ΄ μ •λ¦¬λμ—μµλ‹λ‹¤.
2025-07-16 13:58:56 - NP_Notebook - INFO - π€ NP Notebookμ„ μ‹μ‘ν•©λ‹λ‹¤...
2025-07-16 13:58:56 - NP_Notebook - INFO - π““ NP Notebook: http://localhost:53301/notebook
2025-07-16 13:58:56 - NP_Notebook - INFO - π Python μ»¤λ„: http://localhost:53301/kernel
2025-07-16 13:58:56 - NP_Notebook - INFO - π  λ©”μΈ νμ΄μ§€: http://localhost:53301/
2025-07-16 13:59:03 - NP_Notebook - INFO - λ¨λ“  μ»¤λ„μ΄ μ •λ¦¬λμ—μµλ‹λ‹¤.
2025-07-16 13:59:04 - NP_Notebook - INFO - π€ NP Notebookμ„ μ‹μ‘ν•©λ‹λ‹¤...
2025-07-16 13:59:04 - NP_Notebook - INFO - π““ NP Notebook: http://localhost:53301/notebook
2025-07-16 13:59:04 - NP_Notebook - INFO - π Python μ»¤λ„: http://localhost:53301/kernel
2025-07-16 13:59:04 - NP_Notebook - INFO - π  λ©”μΈ νμ΄μ§€: http://localhost:53301/
2025-07-16 13:59:11 - NP_Notebook - INFO - λ¨λ“  μ»¤λ„μ΄ μ •λ¦¬λμ—μµλ‹λ‹¤.
2025-07-16 13:59:11 - NP_Notebook - INFO - π€ NP Notebookμ„ μ‹μ‘ν•©λ‹λ‹¤...
2025-07-16 13:59:11 - NP_Notebook - INFO - π““ NP Notebook: http://localhost:53301/notebook
2025-07-16 13:59:11 - NP_Notebook - INFO - π Python μ»¤λ„: http://localhost:53301/kernel
2025-07-16 13:59:11 - NP_Notebook - INFO - π  λ©”μΈ νμ΄μ§€: http://localhost:53301/
2025-07-16 13:59:21 - NP_Notebook - INFO - λ¨λ“  μ»¤λ„μ΄ μ •λ¦¬λμ—μµλ‹λ‹¤.
2025-07-16 13:59:21 - NP_Notebook - INFO - π€ NP Notebookμ„ μ‹μ‘ν•©λ‹λ‹¤...
2025-07-16 13:59:21 - NP_Notebook - INFO - π““ NP Notebook: http://localhost:53301/notebook
2025-07-16 13:59:21 - NP_Notebook - INFO - π Python μ»¤λ„: http://localhost:53301/kernel
2025-07-16 13:59:21 - NP_Notebook - INFO - π  λ©”μΈ νμ΄μ§€: http://localhost:53301/
2025-07-16 13:59:28 - NP_Notebook - INFO - λ¨λ“  μ»¤λ„μ΄ μ •λ¦¬λμ—μµλ‹λ‹¤.
2025-07-16 13:59:28 - NP_Notebook - INFO - π€ NP Notebookμ„ μ‹μ‘ν•©λ‹λ‹¤...
2025-07-16 13:59:28 - NP_Notebook - INFO - π““ NP Notebook: http://localhost:53301/notebook
2025-07-16 13:59:28 - NP_Notebook - INFO - π Python μ»¤λ„: http://localhost:53301/kernel
2025-07-16 13:59:28 - NP_Notebook - INFO - π  λ©”μΈ νμ΄μ§€: http://localhost:53301/
2025-07-16 13:59:35 - NP_Notebook - INFO - λ¨λ“  μ»¤λ„μ΄ μ •λ¦¬λμ—μµλ‹λ‹¤.
2025-07-16 13:59:36 - NP_Notebook - INFO - π€ NP Notebookμ„ μ‹μ‘ν•©λ‹λ‹¤...
2025-07-16 13:59:36 - NP_Notebook - INFO - π““ NP Notebook: http://localhost:53301/notebook
2025-07-16 13:59:36 - NP_Notebook - INFO - π Python μ»¤λ„: http://localhost:53301/kernel
2025-07-16 13:59:36 - NP_Notebook - INFO - π  λ©”μΈ νμ΄μ§€: http://localhost:53301/
2025-07-16 13:59:43 - NP_Notebook - INFO - λ¨λ“  μ»¤λ„μ΄ μ •λ¦¬λμ—μµλ‹λ‹¤.
2025-07-16 13:59:43 - NP_Notebook - INFO - π€ NP Notebookμ„ μ‹μ‘ν•©λ‹λ‹¤...
2025-07-16 13:59:43 - NP_Notebook - INFO - π““ NP Notebook: http://localhost:53301/notebook
2025-07-16 13:59:43 - NP_Notebook - INFO - π Python μ»¤λ„: http://localhost:53301/kernel
2025-07-16 13:59:43 - NP_Notebook - INFO - π  λ©”μΈ νμ΄μ§€: http://localhost:53301/
2025-07-16 13:59:49 - NP_Notebook - INFO - λ¨λ“  μ»¤λ„μ΄ μ •λ¦¬λμ—μµλ‹λ‹¤.
2025-07-16 13:59:49 - NP_Notebook - INFO - π€ NP Notebookμ„ μ‹μ‘ν•©λ‹λ‹¤...
2025-07-16 13:59:49 - NP_Notebook - INFO - π““ NP Notebook: http://localhost:53301/notebook
2025-07-16 13:59:49 - NP_Notebook - INFO - π Python μ»¤λ„: http://localhost:53301/kernel
2025-07-16 13:59:49 - NP_Notebook - INFO - π  λ©”μΈ νμ΄μ§€: http://localhost:53301/
2025-07-16 14:06:18 - NP_Notebook - INFO - μ‚¬μ©μ μ•΅μ…: ndata-ohseong - access_notebook
2025-07-16 14:10:33 - NP_Notebook - INFO - λ¨λ“  μ»¤λ„μ΄ μ •λ¦¬λμ—μµλ‹λ‹¤.
2025-07-16 14:10:33 - NP_Notebook - INFO - π€ NP Notebookμ„ μ‹μ‘ν•©λ‹λ‹¤...
2025-07-16 14:10:33 - NP_Notebook - INFO - π““ NP Notebook: http://localhost:53301/notebook
2025-07-16 14:10:33 - NP_Notebook - INFO - π Python μ»¤λ„: http://localhost:53301/kernel
2025-07-16 14:10:33 - NP_Notebook - INFO - π  λ©”μΈ νμ΄μ§€: http://localhost:53301/
2025-07-16 14:10:37 - NP_Notebook - INFO - λ¨λ“  μ»¤λ„μ΄ μ •λ¦¬λμ—μµλ‹λ‹¤.
2025-07-16 14:10:37 - NP_Notebook - INFO - π€ NP Notebookμ„ μ‹μ‘ν•©λ‹λ‹¤...
2025-07-16 14:10:37 - NP_Notebook - INFO - π““ NP Notebook: http://localhost:53301/notebook
2025-07-16 14:10:37 - NP_Notebook - INFO - π Python μ»¤λ„: http://localhost:53301/kernel
2025-07-16 14:10:37 - NP_Notebook - INFO - π  λ©”μΈ νμ΄μ§€: http://localhost:53301/
2025-07-16 14:10:44 - NP_Notebook - INFO - λ¨λ“  μ»¤λ„μ΄ μ •λ¦¬λμ—μµλ‹λ‹¤.
2025-07-16 14:10:44 - NP_Notebook - INFO - π€ NP Notebookμ„ μ‹μ‘ν•©λ‹λ‹¤...
2025-07-16 14:10:44 - NP_Notebook - INFO - π““ NP Notebook: http://localhost:53301/notebook
2025-07-16 14:10:44 - NP_Notebook - INFO - π Python μ»¤λ„: http://localhost:53301/kernel
2025-07-16 14:10:44 - NP_Notebook - INFO - π  λ©”μΈ νμ΄μ§€: http://localhost:53301/
2025-07-16 14:10:49 - NP_Notebook - INFO - λ¨λ“  μ»¤λ„μ΄ μ •λ¦¬λμ—μµλ‹λ‹¤.
2025-07-16 14:10:50 - NP_Notebook - INFO - π€ NP Notebookμ„ μ‹μ‘ν•©λ‹λ‹¤...
2025-07-16 14:10:50 - NP_Notebook - INFO - π““ NP Notebook: http://localhost:53301/notebook
2025-07-16 14:10:50 - NP_Notebook - INFO - π Python μ»¤λ„: http://localhost:53301/kernel
2025-07-16 14:10:50 - NP_Notebook - INFO - π  λ©”μΈ νμ΄μ§€: http://localhost:53301/
2025-07-16 14:12:13 - NP_Notebook - INFO - λ¨λ“  μ»¤λ„μ΄ μ •λ¦¬λμ—μµλ‹λ‹¤.
2025-07-16 14:42:01 - ERROR - system_info: NP Notebookμ„ μ‹μ‘ν•©λ‹λ‹¤...
2025-07-16 14:42:01 - ERROR - system_info: π““ NP Notebook: http://localhost:53301/notebook
2025-07-16 14:42:01 - ERROR - system_info: π Python μ»¤λ„: http://localhost:53301/kernel
2025-07-16 14:42:01 - ERROR - system_info: π  λ©”μΈ νμ΄μ§€: http://localhost:53301/
2025-07-16 14:42:01 - ERROR - system_info: NP Notebookμ„ μ‹μ‘ν•©λ‹λ‹¤...
2025-07-16 14:42:01 - ERROR - system_info: π““ NP Notebook: http://localhost:53301/notebook
2025-07-16 14:42:01 - ERROR - system_info: π Python μ»¤λ„: http://localhost:53301/kernel
2025-07-16 14:42:01 - ERROR - system_info: π  λ©”μΈ νμ΄μ§€: http://localhost:53301/
2025-07-16 14:53:39 - ERROR - system_info: NP Notebookμ„ μ‹μ‘ν•©λ‹λ‹¤...
2025-07-16 14:53:39 - ERROR - system_info: π““ NP Notebook: http://localhost:53301/notebook
2025-07-16 14:53:39 - ERROR - system_info: π Python μ»¤λ„: http://localhost:53301/kernel
2025-07-16 14:53:39 - ERROR - system_info: π  λ©”μΈ νμ΄μ§€: http://localhost:53301/
2025-07-16 14:53:52 - ERROR - system_info: NP Notebookμ„ μ‹μ‘ν•©λ‹λ‹¤...
2025-07-16 14:53:52 - ERROR - system_info: π““ NP Notebook: http://localhost:53301/notebook
2025-07-16 14:53:52 - ERROR - system_info: π Python μ»¤λ„: http://localhost:53301/kernel
2025-07-16 14:53:52 - ERROR - system_info: π  λ©”μΈ νμ΄μ§€: http://localhost:53301/
2025-07-16 14:53:59 - ERROR - system_info: NP Notebookμ„ μ‹μ‘ν•©λ‹λ‹¤...
2025-07-16 14:53:59 - ERROR - system_info: π““ NP Notebook: http://localhost:53301/notebook
2025-07-16 14:53:59 - ERROR - system_info: π Python μ»¤λ„: http://localhost:53301/kernel
2025-07-16 14:53:59 - ERROR - system_info: π  λ©”μΈ νμ΄μ§€: http://localhost:53301/
2025-07-16 16:20:59 - ERROR - system_info: NP Notebookμ„ μ‹μ‘ν•©λ‹λ‹¤...
2025-07-16 16:20:59 - ERROR - system_info: π““ NP Notebook: http://localhost:53301/notebook
2025-07-16 16:20:59 - ERROR - system_info: π Python μ»¤λ„: http://localhost:53301/kernel
2025-07-16 16:20:59 - ERROR - system_info: π  λ©”μΈ νμ΄μ§€: http://localhost:53301/
2025-07-16 16:20:59 - ERROR - system_info: NP Notebookμ„ μ‹μ‘ν•©λ‹λ‹¤...
2025-07-16 16:20:59 - ERROR - system_info: π““ NP Notebook: http://localhost:53301/notebook
2025-07-16 16:20:59 - ERROR - system_info: π Python μ»¤λ„: http://localhost:53301/kernel
2025-07-16 16:20:59 - ERROR - system_info: π  λ©”μΈ νμ΄μ§€: http://localhost:53301/
